<?xml version="1.0" encoding="UTF-8"?>
<!-- Generated by org.testng.reporters.JUnitReportReporter -->
<testsuite skipped="0" hostname="ANANDRAJ-PC" name="com.Way2.base.Testbase" tests="5" failures="0" timestamp="14 Apr 2021 11:53:19 GMT" time="21.713" errors="0">
  <testcase name="launchApp" time="3.213" classname="com.Way2.base.Testbase"/>
  <testcase name="DepositAmt" time="2.222" classname="com.Way2.base.Testbase"/>
  <testcase name="withdrawlAmt" time="10.636" classname="com.Way2.base.Testbase"/>
  <testcase name="loginApp" time="5.326" classname="com.Way2.base.Testbase"/>
  <testcase name="logoutApp" time="0.316" classname="com.Way2.base.Testbase"/>
</testsuite> <!-- com.Way2.base.Testbase -->
