<?xml version="1.0" encoding="UTF-8"?>
<!-- Generated by org.testng.reporters.JUnitReportReporter -->
<testsuite skipped="0" hostname="ANANDRAJ-PC" name="com.Way2.base.Demo" tests="3" failures="0" timestamp="14 Apr 2021 06:22:57 GMT" time="13.939" errors="0">
  <testcase name="loginApp" time="5.316" classname="com.Way2.base.Demo"/>
  <testcase name="lanchApp" time="8.192" classname="com.Way2.base.Demo"/>
  <testcase name="logoutApp" time="0.431" classname="com.Way2.base.Demo"/>
</testsuite> <!-- com.Way2.base.Demo -->
