<?xml version="1.0" encoding="UTF-8"?>
<!-- Generated by org.testng.reporters.JUnitReportReporter -->
<testsuite skipped="0" hostname="ANANDRAJ-PC" name="com.Way2.testcases.Testcases" tests="4" failures="0" timestamp="14 Apr 2021 15:32:32 GMT" time="15.819" errors="0">
  <testcase name="withdrawlAmt" time="10.390" classname="com.Way2.testcases.Testcases"/>
  <testcase name="DepositAmt" time="0.626" classname="com.Way2.testcases.Testcases"/>
  <testcase name="logoutApp" time="0.149" classname="com.Way2.testcases.Testcases"/>
  <testcase name="loginApp" time="4.654" classname="com.Way2.testcases.Testcases"/>
</testsuite> <!-- com.Way2.testcases.Testcases -->
